<?xml version="1.0" encoding="UTF-8"?>
<!-- Generated by org.testng.reporters.JUnitXMLReporter -->
<testsuite ignored="0" hostname="DESKTOP-5GKULI1" failures="0" tests="2" name="Default test" time="2.296" errors="0" timestamp="2023-01-21T22:47:35 IST">
  <testcase classname="TestVargant.Assignment.PlayerValidationTest" name="getFourForeignPlayersDetails" time="2.029"/>
  <testcase classname="TestVargant.Assignment.PlayerValidationTest" name="getOneWicketKeeper" time="0.192"/>
</testsuite> <!-- Default test -->
