<?xml version="1.0" encoding="UTF-8"?>
<testng-results ignored="0" total="2" passed="2" failed="0" skipped="0">
  <reporter-output>
  </reporter-output>
  <suite started-at="2023-01-21T22:47:33 IST" name="Default suite" finished-at="2023-01-21T22:47:35 IST" duration-ms="2296">
    <groups>
    </groups>
    <test started-at="2023-01-21T22:47:33 IST" name="Default test" finished-at="2023-01-21T22:47:35 IST" duration-ms="2296">
      <class name="TestVargant.Assignment.PlayerValidationTest">
        <test-method signature="getFourForeignPlayersDetails()[pri:0, instance:TestVargant.Assignment.PlayerValidationTest@3232a28a]" started-at="2023-01-21T22:47:33 IST" name="getFourForeignPlayersDetails" finished-at="2023-01-21T22:47:35 IST" duration-ms="2029" status="PASS">
          <reporter-output>
          </reporter-output>
        </test-method> <!-- getFourForeignPlayersDetails -->
        <test-method signature="getOneWicketKeeper()[pri:0, instance:TestVargant.Assignment.PlayerValidationTest@3232a28a]" started-at="2023-01-21T22:47:35 IST" name="getOneWicketKeeper" finished-at="2023-01-21T22:47:35 IST" duration-ms="192" status="PASS">
          <reporter-output>
          </reporter-output>
        </test-method> <!-- getOneWicketKeeper -->
      </class> <!-- TestVargant.Assignment.PlayerValidationTest -->
    </test> <!-- Default test -->
  </suite> <!-- Default suite -->
</testng-results>
